Using pre-set license
Built from '2021.1/staging' branch; Version is '2021.1.26f1 (6f076387c01d) revision 7276387'; Using compiler version '192528614'; Build Type 'Release'
OS: 'Windows 10 Home; OS build 19043.1348; Version 2009; 64bit' Language: 'en' Physical Memory: 32681 MB
BatchMode: 1, IsHumanControllingUs: 0, StartBugReporterOnCrash: 0, Is64bit: 1, IsPro: 0

COMMAND LINE ARGUMENTS:
D:\Unity\2021.1.26f1\Editor\Unity.exe
-adb2
-batchMode
-noUpm
-name
AssetImportWorker0
-projectPath
D:/Unity/Projects/Double Trouble
-logFile
Logs/AssetImportWorker0.log
-srvPort
59402
Successfully changed project path to: D:/Unity/Projects/Double Trouble
D:/Unity/Projects/Double Trouble
Using Asset Import Pipeline V2.
Refreshing native plugins compatible for Editor in 64.66 ms, found 3 plugins.
Preloading 0 native plugins for Editor in 0.00 ms.
Initialize engine version: 2021.1.26f1 (6f076387c01d)
[Subsystems] Discovering subsystems at path D:/Unity/2021.1.26f1/Editor/Data/Resources/UnitySubsystems
[Subsystems] Discovering subsystems at path D:/Unity/Projects/Double Trouble/Assets
GfxDevice: creating device client; threaded=0; jobified=0
Direct3D:
    Version:  Direct3D 11.0 [level 11.1]
    Renderer: NVIDIA GeForce RTX 2080 SUPER (ID=0x1e81)
    Vendor:   NVIDIA
    VRAM:     8010 MB
    Driver:   30.0.14.7247
Initialize mono
Mono path[0] = 'D:/Unity/2021.1.26f1/Editor/Data/Managed'
Mono path[1] = 'D:/Unity/2021.1.26f1/Editor/Data/MonoBleedingEdge/lib/mono/unityjit'
Mono config path = 'D:/Unity/2021.1.26f1/Editor/Data/MonoBleedingEdge/etc'
Using monoOptions --debugger-agent=transport=dt_socket,embedding=1,server=y,suspend=n,address=127.0.0.1:56388
Begin MonoManager ReloadAssembly
Registering precompiled unity dll's ...
Register platform support module: D:/Unity/2021.1.26f1/Editor/Data/PlaybackEngines/WindowsStandaloneSupport/UnityEditor.WindowsStandalone.Extensions.dll
Registered in 0.000782 seconds.
Native extension for WindowsStandalone target not found
Refreshing native plugins compatible for Editor in 65.80 ms, found 3 plugins.
Preloading 0 native plugins for Editor in 0.00 ms.
Mono: successfully reloaded assembly
- Completed reload, in  0.923 seconds
Domain Reload Profiling:
	ReloadAssembly (923ms)
		BeginReloadAssembly (51ms)
			ExecutionOrderSort (0ms)
			DisableScriptedObjects (0ms)
			BackupInstance (0ms)
			ReleaseScriptingObjects (0ms)
			CreateAndSetChildDomain (1ms)
		EndReloadAssembly (336ms)
			LoadAssemblies (51ms)
			RebuildTransferFunctionScriptingTraits (0ms)
			SetupTypeCache (102ms)
			ReleaseScriptCaches (0ms)
			RebuildScriptCaches (19ms)
			SetupLoadedEditorAssemblies (181ms)
				LogAssemblyErrors (0ms)
				InitializePlatformSupportModulesInManaged (4ms)
				SetLoadedEditorAssemblies (0ms)
				RefreshPlugins (66ms)
				BeforeProcessingInitializeOnLoad (1ms)
				ProcessInitializeOnLoadAttributes (89ms)
				ProcessInitializeOnLoadMethodAttributes (21ms)
				AfterProcessingInitializeOnLoad (0ms)
				EditorAssembliesLoaded (0ms)
			ExecutionOrderSort2 (0ms)
			AwakeInstancesAfterBackupRestoration (0ms)
Platform modules already initialized, skipping
Registering precompiled user dll's ...
Registered in 0.004005 seconds.
Begin MonoManager ReloadAssembly
Symbol file LoadedFromMemory doesn't match image D:\Unity\Projects\Double Trouble\Library\PackageCache\com.unity.visualscripting@1.6.1\Editor\VisualScripting.Core\Dependencies\YamlDotNet\Unity.VisualScripting.YamlDotNet.dll
Symbol file LoadedFromMemory doesn't match image D:\Unity\Projects\Double Trouble\Library\PackageCache\com.unity.visualscripting@1.6.1\Editor\VisualScripting.Core\Dependencies\DotNetZip\Unity.VisualScripting.IonicZip.dll
Native extension for WindowsStandalone target not found
Refreshing native plugins compatible for Editor in 63.47 ms, found 3 plugins.
Preloading 0 native plugins for Editor in 0.00 ms.
Mono: successfully reloaded assembly
- Completed reload, in  0.833 seconds
Domain Reload Profiling:
	ReloadAssembly (833ms)
		BeginReloadAssembly (118ms)
			ExecutionOrderSort (0ms)
			DisableScriptedObjects (4ms)
			BackupInstance (0ms)
			ReleaseScriptingObjects (0ms)
			CreateAndSetChildDomain (17ms)
		EndReloadAssembly (678ms)
			LoadAssemblies (75ms)
			RebuildTransferFunctionScriptingTraits (0ms)
			SetupTypeCache (222ms)
			ReleaseScriptCaches (1ms)
			RebuildScriptCaches (31ms)
			SetupLoadedEditorAssemblies (304ms)
				LogAssemblyErrors (0ms)
				InitializePlatformSupportModulesInManaged (3ms)
				SetLoadedEditorAssemblies (0ms)
				RefreshPlugins (64ms)
				BeforeProcessingInitializeOnLoad (51ms)
				ProcessInitializeOnLoadAttributes (178ms)
				ProcessInitializeOnLoadMethodAttributes (6ms)
				AfterProcessingInitializeOnLoad (2ms)
				EditorAssembliesLoaded (0ms)
			ExecutionOrderSort2 (0ms)
			AwakeInstancesAfterBackupRestoration (5ms)
Platform modules already initialized, skipping
========================================================================
Worker process is ready to serve import requests
Launched and connected shader compiler UnityShaderCompiler.exe after 0.05 seconds
Refreshing native plugins compatible for Editor in 0.58 ms, found 3 plugins.
Preloading 0 native plugins for Editor in 0.00 ms.
Unloading 3357 Unused Serialized files (Serialized files now loaded: 0)
System memory in use before: 123.3 MB.
System memory in use after: 123.5 MB.

Unloading 25 unused Assets to reduce memory usage. Loaded Objects now: 3803.
Total: 2.811500 ms (FindLiveObjects: 0.224600 ms CreateObjectMapping: 0.116900 ms MarkObjects: 2.425200 ms  DeleteObjects: 0.044300 ms)

AssetImportParameters requested are different than current active one (requested -> active):
  custom:framework-win-MediaFoundation: 216162199b28c13a410421893ffa2e32 -> 
  custom:video-decoder-ogg-theora: a1e56fd34408186e4bbccfd4996cb3dc -> 
  custom:container-muxer-webm: aa71ff27fc2769a1b78a27578f13a17b -> 
  custom:container-demuxer-webm: 4f35f7cbe854078d1ac9338744f61a02 -> 
  custom:container-demuxer-ogg: 62fdf1f143b41e24485cea50d1cbac27 -> 
  custom:video-encoder-webm-vp8: eb34c28f22e8b96e1ab97ce403110664 -> 
  custom:video-decoder-webm-vp8: 9c59270c3fd7afecdb556c50c9e8de78 -> 
  custom:audio-decoder-ogg-vorbis: bf7c407c2cedff20999df2af8eb42d56 -> 
  custom:audio-encoder-webm-vorbis: bf7c407c2cedff20999df2af8eb42d56 -> 
========================================================================
Received Import Request.
  path: Assets/Scripts/Player
  artifactKey: Guid(7e0872dda2d098d4193301d60bce4637) Importer(815301076,1909f56bfc062723c751e8b465ee728b)
Start importing Assets/Scripts/Player using Guid(7e0872dda2d098d4193301d60bce4637) Importer(815301076,1909f56bfc062723c751e8b465ee728b)  -> (artifact id: 'e28f02de7a7ceb2f94f4f8dde144e9f6') in 0.008172 seconds 
========================================================================
Received Import Request.
  Time since last request: 0.000100 seconds.
  path: Assets/Scripts/Player/PlayerInputKeys.inputactions
  artifactKey: Guid(1576e97dbe04fa04a96f96ef0c747176) Importer(815301076,1909f56bfc062723c751e8b465ee728b)
Start importing Assets/Scripts/Player/PlayerInputKeys.inputactions using Guid(1576e97dbe04fa04a96f96ef0c747176) Importer(815301076,1909f56bfc062723c751e8b465ee728b)  -> (artifact id: '521acea7c6a6d60fc65996a91834c978') in 0.028944 seconds 
========================================================================
Received Import Request.
  Time since last request: 5.350143 seconds.
  path: Assets/Scenes/Menu.unity
  artifactKey: Guid(4553e6f88a38041458de8fbf35083f53) Importer(815301076,1909f56bfc062723c751e8b465ee728b)
Start importing Assets/Scenes/Menu.unity using Guid(4553e6f88a38041458de8fbf35083f53) Importer(815301076,1909f56bfc062723c751e8b465ee728b)  -> (artifact id: '998169050154316d954912ea2561aef2') in 0.004629 seconds 
========================================================================
Received Import Request.
  Time since last request: 0.571468 seconds.
  path: Assets/Scenes/TestLevel.unity
  artifactKey: Guid(9fc0d4010bbf28b4594072e72b8655ab) Importer(815301076,1909f56bfc062723c751e8b465ee728b)
Start importing Assets/Scenes/TestLevel.unity using Guid(9fc0d4010bbf28b4594072e72b8655ab) Importer(815301076,1909f56bfc062723c751e8b465ee728b)  -> (artifact id: 'e5b4d0ab1fd68512f306fa31c6d7e5fd') in 0.004748 seconds 
========================================================================
Received Import Request.
  Time since last request: 555.092999 seconds.
  path: Assets/Models/Hostiles
  artifactKey: Guid(42faa4d76869fd74ead38589d37322d2) Importer(815301076,1909f56bfc062723c751e8b465ee728b)
Start importing Assets/Models/Hostiles using Guid(42faa4d76869fd74ead38589d37322d2) Importer(815301076,1909f56bfc062723c751e8b465ee728b)  -> (artifact id: 'ea4ccfc36c469698319eec046ea4634d') in 0.005525 seconds 
========================================================================
Received Import Request.
  Time since last request: 0.488381 seconds.
  path: Assets/Models/Props
  artifactKey: Guid(7e5dd2160fc6dcc4f876fdc779f37459) Importer(815301076,1909f56bfc062723c751e8b465ee728b)
Start importing Assets/Models/Props using Guid(7e5dd2160fc6dcc4f876fdc779f37459) Importer(815301076,1909f56bfc062723c751e8b465ee728b)  -> (artifact id: 'e7ca130407e79df188fa78d013c4c641') in 0.005324 seconds 
========================================================================
Received Import Request.
  Time since last request: 0.058199 seconds.
  path: Assets/Models/Props/Modular_KIT-Closed_room01.fbx
  artifactKey: Guid(0cd6916fdf15d6849976b7379e130b02) Importer(815301076,1909f56bfc062723c751e8b465ee728b)
Start importing Assets/Models/Props/Modular_KIT-Closed_room01.fbx using Guid(0cd6916fdf15d6849976b7379e130b02) Importer(815301076,1909f56bfc062723c751e8b465ee728b)  -> (artifact id: '66ae9772ff374ea31c086aab8f0587d5') in 0.072771 seconds 
========================================================================
Received Import Request.
  Time since last request: 0.000108 seconds.
  path: Assets/Models/Props/Modular_KIT_Double_Doors_Room01.fbx
  artifactKey: Guid(709c1be73121007448fbf96148e5e474) Importer(815301076,1909f56bfc062723c751e8b465ee728b)
Start importing Assets/Models/Props/Modular_KIT_Double_Doors_Room01.fbx using Guid(709c1be73121007448fbf96148e5e474) Importer(815301076,1909f56bfc062723c751e8b465ee728b)  -> (artifact id: '83328847737fd26b2dfdae540d904f8a') in 0.012583 seconds 
========================================================================
Received Import Request.
  Time since last request: 0.000099 seconds.
  path: Assets/Models/Props/Modular_KIT_R_Door_Room01.fbx
  artifactKey: Guid(8122e418e291d994e8472a5c934b6ace) Importer(815301076,1909f56bfc062723c751e8b465ee728b)
Start importing Assets/Models/Props/Modular_KIT_R_Door_Room01.fbx using Guid(8122e418e291d994e8472a5c934b6ace) Importer(815301076,1909f56bfc062723c751e8b465ee728b)  -> (artifact id: 'c97e48a8fea9f83bc0d435615e90e2e7') in 0.012556 seconds 
========================================================================
Received Import Request.
  Time since last request: 0.000100 seconds.
  path: Assets/Models/Props/Prop_decor_KIT-ControlCompter01.fbx
  artifactKey: Guid(0eb7c9a5eff0ab148ac259cfb40a5cab) Importer(815301076,1909f56bfc062723c751e8b465ee728b)
Start importing Assets/Models/Props/Prop_decor_KIT-ControlCompter01.fbx using Guid(0eb7c9a5eff0ab148ac259cfb40a5cab) Importer(815301076,1909f56bfc062723c751e8b465ee728b)  -> (artifact id: 'dd10ee16c0b5aba91819103c9782bf34') in 0.012068 seconds 
========================================================================
Received Import Request.
  Time since last request: 0.000097 seconds.
  path: Assets/Models/Props/Prop-Decor-KIT-PrisonBed.fbx
  artifactKey: Guid(a04a126ef7fb0ea49b077b428e4ca442) Importer(815301076,1909f56bfc062723c751e8b465ee728b)
Start importing Assets/Models/Props/Prop-Decor-KIT-PrisonBed.fbx using Guid(a04a126ef7fb0ea49b077b428e4ca442) Importer(815301076,1909f56bfc062723c751e8b465ee728b)  -> (artifact id: 'c4340f824b8ebc656d7316f7bb09553f') in 0.011687 seconds 
========================================================================
Received Import Request.
  Time since last request: 0.000099 seconds.
  path: Assets/Models/Props/Modular_KIT_Open_Room01.fbx
  artifactKey: Guid(4edd01e47bda86343b06f51aaede51de) Importer(815301076,1909f56bfc062723c751e8b465ee728b)
Start importing Assets/Models/Props/Modular_KIT_Open_Room01.fbx using Guid(4edd01e47bda86343b06f51aaede51de) Importer(815301076,1909f56bfc062723c751e8b465ee728b)  -> (artifact id: '9915309ad32dab5c1924efd8687221db') in 0.014533 seconds 
========================================================================
Received Import Request.
  Time since last request: 0.000098 seconds.
  path: Assets/Models/Props/Prop-Decor_KIT-PrisoToilet01.fbx
  artifactKey: Guid(1d8f60fa0dbd6f548976f6f8c739eab7) Importer(815301076,1909f56bfc062723c751e8b465ee728b)
Start importing Assets/Models/Props/Prop-Decor_KIT-PrisoToilet01.fbx using Guid(1d8f60fa0dbd6f548976f6f8c739eab7) Importer(815301076,1909f56bfc062723c751e8b465ee728b)  -> (artifact id: '69df16a5e3fc95f4388dbf737d1dad32') in 0.011428 seconds 
========================================================================
Received Import Request.
  Time since last request: 259.909631 seconds.
  path: Assets/Scripts/Interactives
  artifactKey: Guid(cda0e67ca4ca5c24fb7ba8f3db00216b) Importer(815301076,1909f56bfc062723c751e8b465ee728b)
Start importing Assets/Scripts/Interactives using Guid(cda0e67ca4ca5c24fb7ba8f3db00216b) Importer(815301076,1909f56bfc062723c751e8b465ee728b)  -> (artifact id: '870933ebda41cad3181a9ab07b1de4ad') in 0.004378 seconds 
========================================================================
Received Import Request.
  Time since last request: 4.642385 seconds.
  path: Assets/Scripts/Interactives/TeleportClass.cs
  artifactKey: Guid(94f6a2076c1af1c4f9f8c640ce995246) Importer(815301076,1909f56bfc062723c751e8b465ee728b)
Start importing Assets/Scripts/Interactives/TeleportClass.cs using Guid(94f6a2076c1af1c4f9f8c640ce995246) Importer(815301076,1909f56bfc062723c751e8b465ee728b)  -> (artifact id: 'a27aebd64ecbf01d5de066ca395197b1') in 0.005836 seconds 
========================================================================
Received Prepare
Registering precompiled user dll's ...
Registered in 0.004122 seconds.
Begin MonoManager ReloadAssembly
Symbol file LoadedFromMemory doesn't match image D:\Unity\Projects\Double Trouble\Library\PackageCache\com.unity.visualscripting@1.6.1\Editor\VisualScripting.Core\Dependencies\YamlDotNet\Unity.VisualScripting.YamlDotNet.dll
Symbol file LoadedFromMemory doesn't match image D:\Unity\Projects\Double Trouble\Library\PackageCache\com.unity.visualscripting@1.6.1\Editor\VisualScripting.Core\Dependencies\DotNetZip\Unity.VisualScripting.IonicZip.dll
Native extension for WindowsStandalone target not found
Refreshing native plugins compatible for Editor in 0.60 ms, found 3 plugins.
Preloading 0 native plugins for Editor in 0.00 ms.
Mono: successfully reloaded assembly
- Completed reload, in  0.715 seconds
Domain Reload Profiling:
	ReloadAssembly (715ms)
		BeginReloadAssembly (109ms)
			ExecutionOrderSort (0ms)
			DisableScriptedObjects (3ms)
			BackupInstance (0ms)
			ReleaseScriptingObjects (0ms)
			CreateAndSetChildDomain (32ms)
		EndReloadAssembly (570ms)
			LoadAssemblies (75ms)
			RebuildTransferFunctionScriptingTraits (0ms)
			SetupTypeCache (211ms)
			ReleaseScriptCaches (1ms)
			RebuildScriptCaches (24ms)
			SetupLoadedEditorAssemblies (210ms)
				LogAssemblyErrors (0ms)
				InitializePlatformSupportModulesInManaged (3ms)
				SetLoadedEditorAssemblies (0ms)
				RefreshPlugins (1ms)
				BeforeProcessingInitializeOnLoad (34ms)
				ProcessInitializeOnLoadAttributes (163ms)
				ProcessInitializeOnLoadMethodAttributes (7ms)
				AfterProcessingInitializeOnLoad (2ms)
				EditorAssembliesLoaded (0ms)
			ExecutionOrderSort2 (0ms)
			AwakeInstancesAfterBackupRestoration (5ms)
Platform modules already initialized, skipping
Refreshing native plugins compatible for Editor in 0.58 ms, found 3 plugins.
Preloading 0 native plugins for Editor in 0.00 ms.
Unloading 3339 Unused Serialized files (Serialized files now loaded: 0)
System memory in use before: 126.0 MB.
System memory in use after: 126.2 MB.

Unloading 18 unused Assets to reduce memory usage. Loaded Objects now: 3849.
Total: 2.796100 ms (FindLiveObjects: 0.253000 ms CreateObjectMapping: 0.120900 ms MarkObjects: 2.406500 ms  DeleteObjects: 0.014500 ms)

AssetImportParameters requested are different than current active one (requested -> active):
  custom:framework-win-MediaFoundation: 216162199b28c13a410421893ffa2e32 -> 
  custom:video-decoder-ogg-theora: a1e56fd34408186e4bbccfd4996cb3dc -> 
  custom:container-muxer-webm: aa71ff27fc2769a1b78a27578f13a17b -> 
  custom:container-demuxer-webm: 4f35f7cbe854078d1ac9338744f61a02 -> 
  custom:container-demuxer-ogg: 62fdf1f143b41e24485cea50d1cbac27 -> 
  custom:video-encoder-webm-vp8: eb34c28f22e8b96e1ab97ce403110664 -> 
  custom:video-decoder-webm-vp8: 9c59270c3fd7afecdb556c50c9e8de78 -> 
  custom:audio-decoder-ogg-vorbis: bf7c407c2cedff20999df2af8eb42d56 -> 
  custom:audio-encoder-webm-vorbis: bf7c407c2cedff20999df2af8eb42d56 -> 
========================================================================
Received Import Request.
  Time since last request: 141.859421 seconds.
  path: Assets/Scripts/Interactives/TeleportClass.cs
  artifactKey: Guid(94f6a2076c1af1c4f9f8c640ce995246) Importer(815301076,1909f56bfc062723c751e8b465ee728b)
Start importing Assets/Scripts/Interactives/TeleportClass.cs using Guid(94f6a2076c1af1c4f9f8c640ce995246) Importer(815301076,1909f56bfc062723c751e8b465ee728b)  -> (artifact id: 'c36bc6389fbe95ee839a88eb68a5f23f') in 0.005069 seconds 
========================================================================
Received Import Request.
  Time since last request: 16.362062 seconds.
  path: Assets/Scripts/Interactives/TeleportClass.cs
  artifactKey: Guid(94f6a2076c1af1c4f9f8c640ce995246) Importer(815301076,1909f56bfc062723c751e8b465ee728b)
Start importing Assets/Scripts/Interactives/TeleportClass.cs using Guid(94f6a2076c1af1c4f9f8c640ce995246) Importer(815301076,1909f56bfc062723c751e8b465ee728b)  -> (artifact id: '3beb1709355df8274755e17be06bb4be') in 0.001468 seconds 
